
  .   ____          _            __ _ _
 /\\ / ___'_ __ _ _(_)_ __  __ _ \ \ \ \
( ( )\___ | '_ | '_| | '_ \/ _` | \ \ \ \
 \\/  ___)| |_)| | | | | || (_| |  ) ) ) )
  '  |____| .__|_| |_|_| |_\__, | / / / /
 =========|_|==============|___/=/_/_/_/
 :: Spring Boot ::        (v2.3.4.RELEASE)

2020-10-28 12:28:27.143  INFO 11348 --- [           main] s.manager.turbine.TurbineApplication     : Starting TurbineApplication v0.0.1-SNAPSHOT on Ridleys-iMac.local with PID 11348 (/Users/ridley/workspace/Turbine-2/target/turbine-0.0.1-SNAPSHOT.jar started by ridley in /Users/ridley/workspace/Turbine-2/client)
2020-10-28 12:28:27.145  INFO 11348 --- [           main] s.manager.turbine.TurbineApplication     : The following profiles are active: test
2020-10-28 12:28:28.375  INFO 11348 --- [           main] .s.d.r.c.RepositoryConfigurationDelegate : Bootstrapping Spring Data JPA repositories in DEFERRED mode.
2020-10-28 12:28:28.429  INFO 11348 --- [           main] .s.d.r.c.RepositoryConfigurationDelegate : Finished Spring Data repository scanning in 48ms. Found 1 JPA repository interfaces.
2020-10-28 12:28:29.006  INFO 11348 --- [           main] o.s.b.w.embedded.tomcat.TomcatWebServer  : Tomcat initialized with port(s): 9090 (http)
2020-10-28 12:28:29.019  INFO 11348 --- [           main] o.apache.catalina.core.StandardService   : Starting service [Tomcat]
2020-10-28 12:28:29.019  INFO 11348 --- [           main] org.apache.catalina.core.StandardEngine  : Starting Servlet engine: [Apache Tomcat/9.0.38]
2020-10-28 12:28:29.087  INFO 11348 --- [           main] o.a.c.c.C.[Tomcat].[localhost].[/]       : Initializing Spring embedded WebApplicationContext
2020-10-28 12:28:29.087  INFO 11348 --- [           main] w.s.c.ServletWebServerApplicationContext : Root WebApplicationContext: initialization completed in 1897 ms
2020-10-28 12:28:30.231  INFO 11348 --- [           main] g.k.s.w.b.GraphQLWebAutoConfiguration    : Building GraphQLObjectMapper including errorHandler: null
2020-10-28 12:28:30.574  INFO 11348 --- [           main] o.s.s.concurrent.ThreadPoolTaskExecutor  : Initializing ExecutorService 'applicationTaskExecutor'
2020-10-28 12:28:30.586  INFO 11348 --- [           main] com.zaxxer.hikari.HikariDataSource       : HikariPool-1 - Starting...
2020-10-28 12:28:30.805  INFO 11348 --- [           main] com.zaxxer.hikari.HikariDataSource       : HikariPool-1 - Start completed.
2020-10-28 12:28:30.864  INFO 11348 --- [         task-1] o.hibernate.jpa.internal.util.LogHelper  : HHH000204: Processing PersistenceUnitInfo [name: default]
2020-10-28 12:28:30.912  WARN 11348 --- [           main] JpaBaseConfiguration$JpaWebConfiguration : spring.jpa.open-in-view is enabled by default. Therefore, database queries may be performed during view rendering. Explicitly configure spring.jpa.open-in-view to disable this warning
2020-10-28 12:28:30.933  INFO 11348 --- [         task-1] org.hibernate.Version                    : HHH000412: Hibernate ORM core version 5.4.21.Final
2020-10-28 12:28:31.119  INFO 11348 --- [         task-1] o.hibernate.annotations.common.Version   : HCANN000001: Hibernate Commons Annotations {5.1.0.Final}
2020-10-28 12:28:31.142  INFO 11348 --- [           main] o.s.b.a.w.s.WelcomePageHandlerMapping    : Adding welcome page: class path resource [public/index.html]
2020-10-28 12:28:31.240  INFO 11348 --- [         task-1] org.hibernate.dialect.Dialect            : HHH000400: Using dialect: org.hibernate.dialect.H2Dialect
2020-10-28 12:28:31.865 DEBUG 11348 --- [         task-1] org.hibernate.SQL                        : drop table if exists site CASCADE 
2020-10-28 12:28:31.869 DEBUG 11348 --- [         task-1] org.hibernate.SQL                        : create table site (id bigint generated by default as identity, name varchar(255) not null, primary key (id))
2020-10-28 12:28:31.877  INFO 11348 --- [         task-1] o.h.e.t.j.p.i.JtaPlatformInitiator       : HHH000490: Using JtaPlatform implementation: [org.hibernate.engine.transaction.jta.platform.internal.NoJtaPlatform]
2020-10-28 12:28:31.882  INFO 11348 --- [         task-1] j.LocalContainerEntityManagerFactoryBean : Initialized JPA EntityManagerFactory for persistence unit 'default'
2020-10-28 12:28:31.921  INFO 11348 --- [           main] o.s.b.a.e.web.EndpointLinksResolver      : Exposing 2 endpoint(s) beneath base path '/actuator'
2020-10-28 12:28:31.977  INFO 11348 --- [           main] o.s.b.w.embedded.tomcat.TomcatWebServer  : Tomcat started on port(s): 9090 (http) with context path ''
2020-10-28 12:28:31.978  INFO 11348 --- [           main] DeferredRepositoryInitializationListener : Triggering deferred initialization of Spring Data repositories…
2020-10-28 12:28:32.174  INFO 11348 --- [           main] DeferredRepositoryInitializationListener : Spring Data repositories initialized!
2020-10-28 12:28:32.184  INFO 11348 --- [           main] s.manager.turbine.TurbineApplication     : Started TurbineApplication in 5.524 seconds (JVM running for 5.984)
2020-10-28 12:28:32.351  INFO 11348 --- [nio-9090-exec-1] o.a.c.c.C.[Tomcat].[localhost].[/]       : Initializing Spring DispatcherServlet 'dispatcherServlet'
2020-10-28 12:28:32.351  INFO 11348 --- [nio-9090-exec-1] o.s.web.servlet.DispatcherServlet        : Initializing Servlet 'dispatcherServlet'
2020-10-28 12:28:32.359  INFO 11348 --- [nio-9090-exec-1] o.s.web.servlet.DispatcherServlet        : Completed initialization in 8 ms
